

Started GET "/" for ::1 at 2016-10-07 23:12:39 -0700

ActiveRecord::PendingMigrationError (

Migrations are pending. To resolve this issue, run:

	bin/rake db:migrate RAILS_ENV=development

):
  activerecord (4.2.6) lib/active_record/migration.rb:392:in `check_pending!'
  activerecord (4.2.6) lib/active_record/migration.rb:373:in `call'
  actionpack (4.2.6) lib/action_dispatch/middleware/callbacks.rb:29:in `block in call'
  activesupport (4.2.6) lib/active_support/callbacks.rb:88:in `__run_callbacks__'
  activesupport (4.2.6) lib/active_support/callbacks.rb:778:in `_run_call_callbacks'
  activesupport (4.2.6) lib/active_support/callbacks.rb:81:in `run_callbacks'
  actionpack (4.2.6) lib/action_dispatch/middleware/callbacks.rb:27:in `call'
  actionpack (4.2.6) lib/action_dispatch/middleware/reloader.rb:73:in `call'
  actionpack (4.2.6) lib/action_dispatch/middleware/remote_ip.rb:78:in `call'
  actionpack (4.2.6) lib/action_dispatch/middleware/debug_exceptions.rb:17:in `call'
  web-console (2.3.0) lib/web_console/middleware.rb:28:in `block in call'
  web-console (2.3.0) lib/web_console/middleware.rb:18:in `catch'
  web-console (2.3.0) lib/web_console/middleware.rb:18:in `call'
  actionpack (4.2.6) lib/action_dispatch/middleware/show_exceptions.rb:30:in `call'
  railties (4.2.6) lib/rails/rack/logger.rb:38:in `call_app'
  railties (4.2.6) lib/rails/rack/logger.rb:20:in `block in call'
  activesupport (4.2.6) lib/active_support/tagged_logging.rb:68:in `block in tagged'
  activesupport (4.2.6) lib/active_support/tagged_logging.rb:26:in `tagged'
  activesupport (4.2.6) lib/active_support/tagged_logging.rb:68:in `tagged'
  railties (4.2.6) lib/rails/rack/logger.rb:20:in `call'
  actionpack (4.2.6) lib/action_dispatch/middleware/request_id.rb:21:in `call'
  rack (1.6.4) lib/rack/methodoverride.rb:22:in `call'
  rack (1.6.4) lib/rack/runtime.rb:18:in `call'
  activesupport (4.2.6) lib/active_support/cache/strategy/local_cache_middleware.rb:28:in `call'
  rack (1.6.4) lib/rack/lock.rb:17:in `call'
  actionpack (4.2.6) lib/action_dispatch/middleware/static.rb:120:in `call'
  rack (1.6.4) lib/rack/sendfile.rb:113:in `call'
  railties (4.2.6) lib/rails/engine.rb:518:in `call'
  railties (4.2.6) lib/rails/application.rb:165:in `call'
  rack (1.6.4) lib/rack/lock.rb:17:in `call'
  rack (1.6.4) lib/rack/content_length.rb:15:in `call'
  rack (1.6.4) lib/rack/handler/webrick.rb:88:in `service'
  C:/RailsInstaller/Ruby2.1.0/lib/ruby/2.1.0/webrick/httpserver.rb:138:in `service'
  C:/RailsInstaller/Ruby2.1.0/lib/ruby/2.1.0/webrick/httpserver.rb:94:in `run'
  C:/RailsInstaller/Ruby2.1.0/lib/ruby/2.1.0/webrick/server.rb:295:in `block in start_thread'


  Rendered C:/RailsInstaller/Ruby2.1.0/lib/ruby/gems/2.1.0/gems/actionpack-4.2.6/lib/action_dispatch/middleware/templates/rescues/_source.erb (0.5ms)
  Rendered C:/RailsInstaller/Ruby2.1.0/lib/ruby/gems/2.1.0/gems/actionpack-4.2.6/lib/action_dispatch/middleware/templates/rescues/_trace.html.erb (2.0ms)
  Rendered C:/RailsInstaller/Ruby2.1.0/lib/ruby/gems/2.1.0/gems/actionpack-4.2.6/lib/action_dispatch/middleware/templates/rescues/_request_and_response.html.erb (0.5ms)
  Rendered C:/RailsInstaller/Ruby2.1.0/lib/ruby/gems/2.1.0/gems/actionpack-4.2.6/lib/action_dispatch/middleware/templates/rescues/diagnostics.html.erb within rescues/layout (87.6ms)
  Rendered C:/RailsInstaller/Ruby2.1.0/lib/ruby/gems/2.1.0/gems/web-console-2.3.0/lib/web_console/templates/_markup.html.erb (0.0ms)
  Rendered C:/RailsInstaller/Ruby2.1.0/lib/ruby/gems/2.1.0/gems/web-console-2.3.0/lib/web_console/templates/_inner_console_markup.html.erb within layouts/inlined_string (0.0ms)
  Rendered C:/RailsInstaller/Ruby2.1.0/lib/ruby/gems/2.1.0/gems/web-console-2.3.0/lib/web_console/templates/_prompt_box_markup.html.erb within layouts/inlined_string (0.5ms)
  Rendered C:/RailsInstaller/Ruby2.1.0/lib/ruby/gems/2.1.0/gems/web-console-2.3.0/lib/web_console/templates/style.css.erb within layouts/inlined_string (0.5ms)
  Rendered C:/RailsInstaller/Ruby2.1.0/lib/ruby/gems/2.1.0/gems/web-console-2.3.0/lib/web_console/templates/console.js.erb within layouts/javascript (69.6ms)
  Rendered C:/RailsInstaller/Ruby2.1.0/lib/ruby/gems/2.1.0/gems/web-console-2.3.0/lib/web_console/templates/main.js.erb within layouts/javascript (0.5ms)
  Rendered C:/RailsInstaller/Ruby2.1.0/lib/ruby/gems/2.1.0/gems/web-console-2.3.0/lib/web_console/templates/error_page.js.erb within layouts/javascript (0.0ms)
  Rendered C:/RailsInstaller/Ruby2.1.0/lib/ruby/gems/2.1.0/gems/web-console-2.3.0/lib/web_console/templates/index.html.erb (150.2ms)
  [1m[36m (25.5ms)[0m  [1mCREATE TABLE "schema_migrations" ("version" varchar NOT NULL) [0m
  [1m[35m (0.0ms)[0m  select sqlite_version(*)
  [1m[36m (11.0ms)[0m  [1mCREATE UNIQUE INDEX "unique_schema_migrations" ON "schema_migrations" ("version")[0m
  [1m[35mActiveRecord::SchemaMigration Load (0.0ms)[0m  SELECT "schema_migrations".* FROM "schema_migrations"
Migrating to CreateUsers (20160724235829)
  [1m[36m (0.0ms)[0m  [1mbegin transaction[0m
  [1m[35m (5.0ms)[0m  CREATE TABLE "users" ("id" INTEGER PRIMARY KEY AUTOINCREMENT NOT NULL, "name" varchar, "email" varchar, "created_at" datetime NOT NULL, "updated_at" datetime NOT NULL) 
  [1m[36mSQL (0.0ms)[0m  [1mINSERT INTO "schema_migrations" ("version") VALUES (?)[0m  [["version", "20160724235829"]]
  [1m[35m (10.5ms)[0m  commit transaction
Migrating to AddIndexToUsersEmail (20160725001103)
  [1m[36m (0.0ms)[0m  [1mbegin transaction[0m
  [1m[35m (0.5ms)[0m  CREATE UNIQUE INDEX "index_users_on_email" ON "users" ("email")
  [1m[36mSQL (0.5ms)[0m  [1mINSERT INTO "schema_migrations" ("version") VALUES (?)[0m  [["version", "20160725001103"]]
  [1m[35m (16.0ms)[0m  commit transaction
Migrating to AddPasswordDigestToUsers (20160725003040)
  [1m[36m (0.0ms)[0m  [1mbegin transaction[0m
  [1m[35m (1.0ms)[0m  ALTER TABLE "users" ADD "password_digest" varchar
  [1m[36mSQL (0.0ms)[0m  [1mINSERT INTO "schema_migrations" ("version") VALUES (?)[0m  [["version", "20160725003040"]]
  [1m[35m (15.5ms)[0m  commit transaction
Migrating to AddRememberDigestToUsers (20160726213020)
  [1m[36m (0.0ms)[0m  [1mbegin transaction[0m
  [1m[35m (1.5ms)[0m  ALTER TABLE "users" ADD "remember_digest" varchar
  [1m[36mSQL (0.0ms)[0m  [1mINSERT INTO "schema_migrations" ("version") VALUES (?)[0m  [["version", "20160726213020"]]
  [1m[35m (16.5ms)[0m  commit transaction
  [1m[36mActiveRecord::SchemaMigration Load (0.5ms)[0m  [1mSELECT "schema_migrations".* FROM "schema_migrations"[0m
  [1m[35m (0.0ms)[0m              SELECT sql
            FROM sqlite_master
            WHERE name='index_users_on_email' AND type='index'
            UNION ALL
            SELECT sql
            FROM sqlite_temp_master
            WHERE name='index_users_on_email' AND type='index'



Started GET "/" for ::1 at 2016-10-07 23:13:08 -0700
  [1m[36mActiveRecord::SchemaMigration Load (0.0ms)[0m  [1mSELECT "schema_migrations".* FROM "schema_migrations"[0m
Processing by UsersController#index as HTML
  [1m[35mUser Load (0.5ms)[0m  SELECT  "users".* FROM "users" WHERE "users"."id" = ? LIMIT 1  [["id", 1]]
Redirected to http://localhost:3000/login
Filter chain halted as :logged_in_user rendered or redirected
Completed 302 Found in 75ms (ActiveRecord: 1.0ms)


Started GET "/login" for ::1 at 2016-10-07 23:13:08 -0700
Processing by SessionsController#new as HTML
  Rendered sessions/new.html.erb within layouts/application (63.1ms)
  Rendered layouts/_flash.html.erb (0.5ms)
  [1m[36mUser Load (0.0ms)[0m  [1mSELECT  "users".* FROM "users" WHERE "users"."id" = ? LIMIT 1[0m  [["id", 1]]
  [1m[35mCACHE (0.0ms)[0m  SELECT  "users".* FROM "users" WHERE "users"."id" = ? LIMIT 1  [["id", 1]]
  Rendered layouts/_header.html.erb (8.0ms)
Completed 200 OK in 9809ms (Views: 9808.4ms | ActiveRecord: 0.0ms)


Started GET "/assets/custom.self-179361247d71d1dd3144f7de5f614159bbab6f2478a3e58736562968bcd46cf2.css?body=1" for ::1 at 2016-10-07 23:13:18 -0700


Started GET "/assets/users.self-0659432f3fa68772e15e25f2423f35420b55dd482d2b37672f4f85c477a7d357.css?body=1" for ::1 at 2016-10-07 23:13:18 -0700


Started GET "/assets/jquery.self-660adc51e0224b731d29f575a6f1ec167ba08ad06ed5deca4f1e8654c135bf4c.js?body=1" for ::1 at 2016-10-07 23:13:18 -0700


Started GET "/assets/application.self-dae5c5da7223ce739ad497817a3df9ba2fa2840da302653b11558b4f7d98bfc3.css?body=1" for ::1 at 2016-10-07 23:13:18 -0700


Started GET "/assets/jquery_ujs.self-e87806d0cf4489aeb1bb7288016024e8de67fd18db693fe026fe3907581e53cd.js?body=1" for ::1 at 2016-10-07 23:13:18 -0700


Started GET "/assets/sessions.self-e3b0c44298fc1c149afbf4c8996fb92427ae41e4649b934ca495991b7852b855.css?body=1" for ::1 at 2016-10-07 23:13:18 -0700


Started GET "/assets/turbolinks.self-c5acd7a204f5f25ce7a1d8a0e4d92e28d34c9e2df2c7371cd7af88e147e4ad82.js?body=1" for ::1 at 2016-10-07 23:13:18 -0700


Started GET "/assets/bootstrap/affix.self-d2b642d8fbfc1d7041e2edefd66683ada567a980789dcd6f94fddda0b33408b5.js?body=1" for ::1 at 2016-10-07 23:13:18 -0700


Started GET "/assets/bootstrap/alert.self-a29e91e8cd3ddaba9bbc466901d53ec2127e9256b9b941905d525a3a716bd1a5.js?body=1" for ::1 at 2016-10-07 23:13:18 -0700


Started GET "/assets/bootstrap/button.self-a6cb16785434acb365ae426aef9f1fce05ed553cae7a965e4471c3da71509175.js?body=1" for ::1 at 2016-10-07 23:13:18 -0700


Started GET "/assets/bootstrap/carousel.self-57eb8422043cf0a85b7a9dc6843916eb0a3e35b419c7798a5eb254b918997631.js?body=1" for ::1 at 2016-10-07 23:13:18 -0700


Started GET "/assets/bootstrap/collapse.self-7dc8bfbc2fbfabd2bad62c58ff8ffeaf8f20fb87c7ca6cd35f06d4dc19632587.js?body=1" for ::1 at 2016-10-07 23:13:18 -0700


Started GET "/assets/bootstrap/dropdown.self-9314126777c6be5443e37ea7f7967d7914d72b3e60449ba50edc967446373059.js?body=1" for ::1 at 2016-10-07 23:13:18 -0700


Started GET "/assets/bootstrap/tab.self-122235057fbd4c6c7da377d59dc58f47b44cb1088a2e38e6ee6ce9d8ac29a26a.js?body=1" for ::1 at 2016-10-07 23:13:18 -0700


Started GET "/assets/bootstrap/transition.self-09ff30b1e8a93d1f7728b9855f55d9c9d8d5734c8861e0d8139994e50944572a.js?body=1" for ::1 at 2016-10-07 23:13:18 -0700


Started GET "/assets/bootstrap/scrollspy.self-a155b9d4b2f978905f0326c0f6635e1134fe91c6bfbfcbad079fa24a9fef2b0e.js?body=1" for ::1 at 2016-10-07 23:13:18 -0700


Started GET "/assets/bootstrap/modal.self-72f95ffa1071297725a9ac91989693d56d1abf23f441a47455073b0da2857a5b.js?body=1" for ::1 at 2016-10-07 23:13:18 -0700


Started GET "/assets/bootstrap/tooltip.self-11cf547be953f25f511cec668f6690473fd97b2f65502e4032f4030999a3f0c3.js?body=1" for ::1 at 2016-10-07 23:13:18 -0700


Started GET "/assets/bootstrap/popover.self-77d8e3a2499c1104ef146396a68b82469ee2bdb365199b874694698d10405e9a.js?body=1" for ::1 at 2016-10-07 23:13:18 -0700


Started GET "/assets/bootstrap-sprockets.self-fbfa5ad7d9aa0afe439ec4ff3883acc4cb92b62cb67c40d674320c9aa1d4642d.js?body=1" for ::1 at 2016-10-07 23:13:18 -0700


Started GET "/assets/users.self-877aef30ae1b040ab8a3aba4e3e309a11d7f2612f44dde450b5c157aa5f95c05.js?body=1" for ::1 at 2016-10-07 23:13:18 -0700


Started GET "/assets/sessions.self-877aef30ae1b040ab8a3aba4e3e309a11d7f2612f44dde450b5c157aa5f95c05.js?body=1" for ::1 at 2016-10-07 23:13:18 -0700


Started GET "/assets/application.self-f8806224e027f3e3f0138ea9ce99319e298dfdb323304d1f1be6eae8e8c74724.js?body=1" for ::1 at 2016-10-07 23:13:18 -0700
  [1m[36mUser Load (0.0ms)[0m  [1mSELECT  "users".* FROM "users"  ORDER BY "users"."id" ASC LIMIT 1[0m
  [1m[35mUser Load (0.0ms)[0m  SELECT "users".* FROM "users"
  [1m[36mActiveRecord::SchemaMigration Load (0.0ms)[0m  [1mSELECT "schema_migrations".* FROM "schema_migrations"[0m
Migrating to AddAdminToUsers (20161008062050)
  [1m[35m (0.0ms)[0m  begin transaction
  [1m[36m (1.0ms)[0m  [1mALTER TABLE "users" ADD "admin" boolean DEFAULT 'f'[0m
  [1m[35mSQL (0.0ms)[0m  INSERT INTO "schema_migrations" ("version") VALUES (?)  [["version", "20161008062050"]]
  [1m[36m (11.0ms)[0m  [1mcommit transaction[0m
  [1m[35mActiveRecord::SchemaMigration Load (0.0ms)[0m  SELECT "schema_migrations".* FROM "schema_migrations"
  [1m[36m (0.5ms)[0m  [1m            SELECT sql
            FROM sqlite_master
            WHERE name='index_users_on_email' AND type='index'
            UNION ALL
            SELECT sql
            FROM sqlite_temp_master
            WHERE name='index_users_on_email' AND type='index'
[0m
  [1m[36mUser Load (0.0ms)[0m  [1mSELECT  "users".* FROM "users"  ORDER BY "users"."id" ASC LIMIT 1[0m
